2022-05-22 14:22:36,398 INFO org.springframework.test.context.support.AbstractTestContextBootstrapper [main] Neither @ContextConfiguration nor @ContextHierarchy found for test class [com.shopme.admin.UserServiceTest], using SpringBootContextLoader
2022-05-22 14:22:36,404 INFO org.springframework.test.context.support.AbstractContextLoader [main] Could not detect default resource locations for test class [com.shopme.admin.UserServiceTest]: no resource found for suffixes {-context.xml, Context.groovy}.
2022-05-22 14:22:36,405 INFO org.springframework.test.context.support.AnnotationConfigContextLoaderUtils [main] Could not detect default configuration classes for test class [com.shopme.admin.UserServiceTest]: UserServiceTest does not declare any static, non-private, non-final, nested classes annotated with @Configuration.
2022-05-22 14:22:36,557 INFO org.springframework.boot.test.context.SpringBootTestContextBootstrapper [main] Found @SpringBootConfiguration com.shopme.admin.ShopmeBackEndApplication for test class com.shopme.admin.UserServiceTest
2022-05-22 14:22:36,640 INFO org.springframework.test.context.support.AbstractTestContextBootstrapper [main] Loaded default TestExecutionListener class names from location [META-INF/spring.factories]: [org.springframework.boot.test.mock.mockito.MockitoTestExecutionListener, org.springframework.boot.test.mock.mockito.ResetMocksTestExecutionListener, org.springframework.boot.test.autoconfigure.restdocs.RestDocsTestExecutionListener, org.springframework.boot.test.autoconfigure.web.client.MockRestServiceServerResetTestExecutionListener, org.springframework.boot.test.autoconfigure.web.servlet.MockMvcPrintOnlyOnFailureTestExecutionListener, org.springframework.boot.test.autoconfigure.web.servlet.WebDriverTestExecutionListener, org.springframework.boot.test.autoconfigure.webservices.client.MockWebServiceServerTestExecutionListener, org.springframework.test.context.web.ServletTestExecutionListener, org.springframework.test.context.support.DirtiesContextBeforeModesTestExecutionListener, org.springframework.test.context.support.DependencyInjectionTestExecutionListener, org.springframework.test.context.support.DirtiesContextTestExecutionListener, org.springframework.test.context.transaction.TransactionalTestExecutionListener, org.springframework.test.context.jdbc.SqlScriptsTestExecutionListener, org.springframework.test.context.event.EventPublishingTestExecutionListener, org.springframework.security.test.context.support.WithSecurityContextTestExecutionListener, org.springframework.security.test.context.support.ReactorContextTestExecutionListener]
2022-05-22 14:22:36,658 INFO org.springframework.test.context.support.AbstractTestContextBootstrapper [main] Using TestExecutionListeners: [org.springframework.test.context.web.ServletTestExecutionListener@266374ef, org.springframework.test.context.support.DirtiesContextBeforeModesTestExecutionListener@13b3d178, org.springframework.boot.test.mock.mockito.MockitoTestExecutionListener@24c4ddae, org.springframework.boot.test.autoconfigure.SpringBootDependencyInjectionTestExecutionListener@37fb0bed, org.springframework.test.context.support.DirtiesContextTestExecutionListener@a82c5f1, org.springframework.test.context.transaction.TransactionalTestExecutionListener@7b7fdc8, org.springframework.test.context.jdbc.SqlScriptsTestExecutionListener@51c693d, org.springframework.test.context.event.EventPublishingTestExecutionListener@6a57ae10, org.springframework.security.test.context.support.WithSecurityContextTestExecutionListener@766653e6, org.springframework.security.test.context.support.ReactorContextTestExecutionListener@4e07b95f, org.springframework.boot.test.mock.mockito.ResetMocksTestExecutionListener@28b46423, org.springframework.boot.test.autoconfigure.restdocs.RestDocsTestExecutionListener@7fc4780b, org.springframework.boot.test.autoconfigure.web.client.MockRestServiceServerResetTestExecutionListener@3b79fd76, org.springframework.boot.test.autoconfigure.web.servlet.MockMvcPrintOnlyOnFailureTestExecutionListener@48c76607, org.springframework.boot.test.autoconfigure.web.servlet.WebDriverTestExecutionListener@43599640, org.springframework.boot.test.autoconfigure.webservices.client.MockWebServiceServerTestExecutionListener@1f81aa00]
2022-05-22 14:22:36,914 INFO org.springframework.boot.StartupInfoLogger [main] Starting UserServiceTest using Java 1.8.0_202 on DESKTOP-QM5CFFO with PID 5708 (started by daryllpc in D:\daryll\shopme\ShopmeWebParent\ShopmeBackEnd)
2022-05-22 14:22:36,914 DEBUG org.springframework.boot.StartupInfoLogger [main] Running with Spring Boot v2.4.1, Spring v5.3.2
2022-05-22 14:22:36,914 INFO org.hibernate.validator.internal.util.Version [background-preinit] HV000001: Hibernate Validator 6.1.6.Final
2022-05-22 14:22:36,916 INFO org.springframework.boot.SpringApplication [main] No active profile set, falling back to default profiles: default
2022-05-22 14:22:37,428 INFO org.springframework.data.repository.config.RepositoryConfigurationDelegate [main] Bootstrapping Spring Data JPA repositories in DEFAULT mode.
2022-05-22 14:22:37,470 INFO org.springframework.data.repository.config.RepositoryConfigurationDelegate [main] Finished Spring Data repository scanning in 36 ms. Found 2 JPA repository interfaces.
2022-05-22 14:22:37,992 INFO org.hibernate.jpa.internal.util.LogHelper [main] HHH000204: Processing PersistenceUnitInfo [name: default]
2022-05-22 14:22:38,029 INFO org.hibernate.Version [main] HHH000412: Hibernate ORM core version 5.4.25.Final
2022-05-22 14:22:38,124 INFO org.hibernate.annotations.common.reflection.java.JavaReflectionManager [main] HCANN000001: Hibernate Commons Annotations {5.1.2.Final}
2022-05-22 14:22:38,346 INFO com.zaxxer.hikari.HikariDataSource [main] HikariPool-1 - Starting...
2022-05-22 14:22:38,491 INFO com.zaxxer.hikari.HikariDataSource [main] HikariPool-1 - Start completed.
2022-05-22 14:22:38,506 INFO org.hibernate.dialect.Dialect [main] HHH000400: Using dialect: org.hibernate.dialect.MySQL8Dialect
2022-05-22 14:22:39,072 INFO org.hibernate.engine.transaction.jta.platform.internal.JtaPlatformInitiator [main] HHH000490: Using JtaPlatform implementation: [org.hibernate.engine.transaction.jta.platform.internal.NoJtaPlatform]
2022-05-22 14:22:39,079 INFO org.springframework.orm.jpa.AbstractEntityManagerFactoryBean [main] Initialized JPA EntityManagerFactory for persistence unit 'default'
2022-05-22 14:22:39,763 WARN org.springframework.boot.autoconfigure.orm.jpa.JpaBaseConfiguration$JpaWebConfiguration [main] spring.jpa.open-in-view is enabled by default. Therefore, database queries may be performed during view rendering. Explicitly configure spring.jpa.open-in-view to disable this warning
2022-05-22 14:22:40,007 INFO org.springframework.security.web.DefaultSecurityFilterChain [main] Will secure any request with [org.springframework.security.web.context.request.async.WebAsyncManagerIntegrationFilter@26a33cf, org.springframework.security.web.context.SecurityContextPersistenceFilter@5e1d1524, org.springframework.security.web.header.HeaderWriterFilter@76fc5687, org.springframework.security.web.csrf.CsrfFilter@65262308, org.springframework.security.web.authentication.logout.LogoutFilter@749ad37c, org.springframework.security.web.authentication.UsernamePasswordAuthenticationFilter@380e33c2, org.springframework.security.web.savedrequest.RequestCacheAwareFilter@430aae8e, org.springframework.security.web.servletapi.SecurityContextHolderAwareRequestFilter@30e2016a, org.springframework.security.web.authentication.AnonymousAuthenticationFilter@29188050, org.springframework.security.web.session.SessionManagementFilter@7434ee13, org.springframework.security.web.access.ExceptionTranslationFilter@1a67f8b4, org.springframework.security.web.access.intercept.FilterSecurityInterceptor@f5ae29e]
2022-05-22 14:22:40,380 INFO org.springframework.scheduling.concurrent.ExecutorConfigurationSupport [main] Initializing ExecutorService 'applicationTaskExecutor'
2022-05-22 14:22:40,477 INFO org.springframework.boot.autoconfigure.web.servlet.WelcomePageHandlerMapping [main] Adding welcome page template: index
2022-05-22 14:22:41,081 INFO org.springframework.boot.StartupInfoLogger [main] Started UserServiceTest in 4.376 seconds (JVM running for 5.462)
2022-05-22 14:22:41,129 INFO com.shopme.admin.utils.Log [main] STARTUP: Sufficient records in table `roles`.
2022-05-22 14:22:41,167 INFO com.shopme.admin.utils.Log [main] STARTUP: superuser found. Enabling to ensure.
2022-05-22 14:22:42,207 INFO org.springframework.scheduling.concurrent.ExecutorConfigurationSupport [SpringContextShutdownHook] Shutting down ExecutorService 'applicationTaskExecutor'
2022-05-22 14:22:42,208 INFO org.springframework.orm.jpa.AbstractEntityManagerFactoryBean [SpringContextShutdownHook] Closing JPA EntityManagerFactory for persistence unit 'default'
2022-05-22 14:22:42,215 INFO com.zaxxer.hikari.HikariDataSource [SpringContextShutdownHook] HikariPool-1 - Shutdown initiated...
2022-05-22 14:22:42,232 INFO com.zaxxer.hikari.HikariDataSource [SpringContextShutdownHook] HikariPool-1 - Shutdown completed.
2022-05-22 14:22:56,127 INFO org.springframework.test.context.support.AbstractTestContextBootstrapper [main] Neither @ContextConfiguration nor @ContextHierarchy found for test class [com.shopme.admin.UserServiceTest], using SpringBootContextLoader
2022-05-22 14:22:56,133 INFO org.springframework.test.context.support.AbstractContextLoader [main] Could not detect default resource locations for test class [com.shopme.admin.UserServiceTest]: no resource found for suffixes {-context.xml, Context.groovy}.
2022-05-22 14:22:56,133 INFO org.springframework.test.context.support.AnnotationConfigContextLoaderUtils [main] Could not detect default configuration classes for test class [com.shopme.admin.UserServiceTest]: UserServiceTest does not declare any static, non-private, non-final, nested classes annotated with @Configuration.
2022-05-22 14:22:56,228 INFO org.springframework.boot.test.context.SpringBootTestContextBootstrapper [main] Found @SpringBootConfiguration com.shopme.admin.ShopmeBackEndApplication for test class com.shopme.admin.UserServiceTest
2022-05-22 14:22:56,309 INFO org.springframework.test.context.support.AbstractTestContextBootstrapper [main] Loaded default TestExecutionListener class names from location [META-INF/spring.factories]: [org.springframework.boot.test.mock.mockito.MockitoTestExecutionListener, org.springframework.boot.test.mock.mockito.ResetMocksTestExecutionListener, org.springframework.boot.test.autoconfigure.restdocs.RestDocsTestExecutionListener, org.springframework.boot.test.autoconfigure.web.client.MockRestServiceServerResetTestExecutionListener, org.springframework.boot.test.autoconfigure.web.servlet.MockMvcPrintOnlyOnFailureTestExecutionListener, org.springframework.boot.test.autoconfigure.web.servlet.WebDriverTestExecutionListener, org.springframework.boot.test.autoconfigure.webservices.client.MockWebServiceServerTestExecutionListener, org.springframework.test.context.web.ServletTestExecutionListener, org.springframework.test.context.support.DirtiesContextBeforeModesTestExecutionListener, org.springframework.test.context.support.DependencyInjectionTestExecutionListener, org.springframework.test.context.support.DirtiesContextTestExecutionListener, org.springframework.test.context.transaction.TransactionalTestExecutionListener, org.springframework.test.context.jdbc.SqlScriptsTestExecutionListener, org.springframework.test.context.event.EventPublishingTestExecutionListener, org.springframework.security.test.context.support.WithSecurityContextTestExecutionListener, org.springframework.security.test.context.support.ReactorContextTestExecutionListener]
2022-05-22 14:22:56,323 INFO org.springframework.test.context.support.AbstractTestContextBootstrapper [main] Using TestExecutionListeners: [org.springframework.test.context.web.ServletTestExecutionListener@13b3d178, org.springframework.test.context.support.DirtiesContextBeforeModesTestExecutionListener@24c4ddae, org.springframework.boot.test.mock.mockito.MockitoTestExecutionListener@37fb0bed, org.springframework.boot.test.autoconfigure.SpringBootDependencyInjectionTestExecutionListener@a82c5f1, org.springframework.test.context.support.DirtiesContextTestExecutionListener@7b7fdc8, org.springframework.test.context.transaction.TransactionalTestExecutionListener@51c693d, org.springframework.test.context.jdbc.SqlScriptsTestExecutionListener@6a57ae10, org.springframework.test.context.event.EventPublishingTestExecutionListener@766653e6, org.springframework.security.test.context.support.WithSecurityContextTestExecutionListener@4e07b95f, org.springframework.security.test.context.support.ReactorContextTestExecutionListener@28b46423, org.springframework.boot.test.mock.mockito.ResetMocksTestExecutionListener@7fc4780b, org.springframework.boot.test.autoconfigure.restdocs.RestDocsTestExecutionListener@3b79fd76, org.springframework.boot.test.autoconfigure.web.client.MockRestServiceServerResetTestExecutionListener@48c76607, org.springframework.boot.test.autoconfigure.web.servlet.MockMvcPrintOnlyOnFailureTestExecutionListener@43599640, org.springframework.boot.test.autoconfigure.web.servlet.WebDriverTestExecutionListener@1f81aa00, org.springframework.boot.test.autoconfigure.webservices.client.MockWebServiceServerTestExecutionListener@6b6776cb]
2022-05-22 14:22:56,523 INFO org.springframework.boot.StartupInfoLogger [main] Starting UserServiceTest using Java 1.8.0_202 on DESKTOP-QM5CFFO with PID 12696 (started by daryllpc in D:\daryll\shopme\ShopmeWebParent\ShopmeBackEnd)
2022-05-22 14:22:56,523 DEBUG org.springframework.boot.StartupInfoLogger [main] Running with Spring Boot v2.4.1, Spring v5.3.2
2022-05-22 14:22:56,523 INFO org.hibernate.validator.internal.util.Version [background-preinit] HV000001: Hibernate Validator 6.1.6.Final
2022-05-22 14:22:56,544 INFO org.springframework.boot.SpringApplication [main] No active profile set, falling back to default profiles: default
2022-05-22 14:22:57,009 INFO org.springframework.data.repository.config.RepositoryConfigurationDelegate [main] Bootstrapping Spring Data JPA repositories in DEFAULT mode.
2022-05-22 14:22:57,050 INFO org.springframework.data.repository.config.RepositoryConfigurationDelegate [main] Finished Spring Data repository scanning in 35 ms. Found 2 JPA repository interfaces.
2022-05-22 14:22:57,570 INFO org.hibernate.jpa.internal.util.LogHelper [main] HHH000204: Processing PersistenceUnitInfo [name: default]
2022-05-22 14:22:57,607 INFO org.hibernate.Version [main] HHH000412: Hibernate ORM core version 5.4.25.Final
2022-05-22 14:22:57,703 INFO org.hibernate.annotations.common.reflection.java.JavaReflectionManager [main] HCANN000001: Hibernate Commons Annotations {5.1.2.Final}
2022-05-22 14:22:57,924 INFO com.zaxxer.hikari.HikariDataSource [main] HikariPool-1 - Starting...
2022-05-22 14:22:58,073 INFO com.zaxxer.hikari.HikariDataSource [main] HikariPool-1 - Start completed.
2022-05-22 14:22:58,087 INFO org.hibernate.dialect.Dialect [main] HHH000400: Using dialect: org.hibernate.dialect.MySQL8Dialect
2022-05-22 14:22:58,633 INFO org.hibernate.engine.transaction.jta.platform.internal.JtaPlatformInitiator [main] HHH000490: Using JtaPlatform implementation: [org.hibernate.engine.transaction.jta.platform.internal.NoJtaPlatform]
2022-05-22 14:22:58,640 INFO org.springframework.orm.jpa.AbstractEntityManagerFactoryBean [main] Initialized JPA EntityManagerFactory for persistence unit 'default'
2022-05-22 14:22:59,345 WARN org.springframework.boot.autoconfigure.orm.jpa.JpaBaseConfiguration$JpaWebConfiguration [main] spring.jpa.open-in-view is enabled by default. Therefore, database queries may be performed during view rendering. Explicitly configure spring.jpa.open-in-view to disable this warning
2022-05-22 14:22:59,612 INFO org.springframework.security.web.DefaultSecurityFilterChain [main] Will secure any request with [org.springframework.security.web.context.request.async.WebAsyncManagerIntegrationFilter@4bff28e7, org.springframework.security.web.context.SecurityContextPersistenceFilter@4882b9a, org.springframework.security.web.header.HeaderWriterFilter@d0a2c82, org.springframework.security.web.csrf.CsrfFilter@18e8eb59, org.springframework.security.web.authentication.logout.LogoutFilter@37b238da, org.springframework.security.web.authentication.UsernamePasswordAuthenticationFilter@2d593b56, org.springframework.security.web.savedrequest.RequestCacheAwareFilter@26d8908e, org.springframework.security.web.servletapi.SecurityContextHolderAwareRequestFilter@12d44a2a, org.springframework.security.web.authentication.AnonymousAuthenticationFilter@39e7e040, org.springframework.security.web.session.SessionManagementFilter@78504ce9, org.springframework.security.web.access.ExceptionTranslationFilter@44a14de0, org.springframework.security.web.access.intercept.FilterSecurityInterceptor@47b961e2]
2022-05-22 14:23:00,013 INFO org.springframework.scheduling.concurrent.ExecutorConfigurationSupport [main] Initializing ExecutorService 'applicationTaskExecutor'
2022-05-22 14:23:00,119 INFO org.springframework.boot.autoconfigure.web.servlet.WelcomePageHandlerMapping [main] Adding welcome page template: index
2022-05-22 14:23:00,798 INFO org.springframework.boot.StartupInfoLogger [main] Started UserServiceTest in 4.446 seconds (JVM running for 5.262)
2022-05-22 14:23:00,855 INFO com.shopme.admin.utils.Log [main] STARTUP: Sufficient records in table `roles`.
2022-05-22 14:23:01,022 INFO com.shopme.admin.utils.Log [main] STARTUP: superuser missing. Inserting superuser account.
2022-05-22 14:23:13,706 INFO org.springframework.scheduling.concurrent.ExecutorConfigurationSupport [SpringContextShutdownHook] Shutting down ExecutorService 'applicationTaskExecutor'
2022-05-22 14:23:13,708 INFO org.springframework.orm.jpa.AbstractEntityManagerFactoryBean [SpringContextShutdownHook] Closing JPA EntityManagerFactory for persistence unit 'default'
2022-05-22 14:23:13,709 INFO com.zaxxer.hikari.HikariDataSource [SpringContextShutdownHook] HikariPool-1 - Shutdown initiated...
2022-05-22 14:23:13,715 INFO com.zaxxer.hikari.HikariDataSource [SpringContextShutdownHook] HikariPool-1 - Shutdown completed.
