2022-05-09 19:29:32,476 INFO org.springframework.test.context.support.AbstractTestContextBootstrapper [main] Neither @ContextConfiguration nor @ContextHierarchy found for test class [com.shopme.admin.ShopmeBackEndApplicationTest], using SpringBootContextLoader
2022-05-09 19:29:32,480 INFO org.springframework.test.context.support.AbstractContextLoader [main] Could not detect default resource locations for test class [com.shopme.admin.ShopmeBackEndApplicationTest]: no resource found for suffixes {-context.xml, Context.groovy}.
2022-05-09 19:29:32,480 INFO org.springframework.test.context.support.AnnotationConfigContextLoaderUtils [main] Could not detect default configuration classes for test class [com.shopme.admin.ShopmeBackEndApplicationTest]: ShopmeBackEndApplicationTest does not declare any static, non-private, non-final, nested classes annotated with @Configuration.
2022-05-09 19:29:32,533 INFO org.springframework.boot.test.context.SpringBootTestContextBootstrapper [main] Found @SpringBootConfiguration com.shopme.admin.ShopmeBackEndApplication for test class com.shopme.admin.ShopmeBackEndApplicationTest
2022-05-09 19:29:32,570 INFO org.springframework.test.context.support.AbstractTestContextBootstrapper [main] Loaded default TestExecutionListener class names from location [META-INF/spring.factories]: [org.springframework.boot.test.mock.mockito.MockitoTestExecutionListener, org.springframework.boot.test.mock.mockito.ResetMocksTestExecutionListener, org.springframework.boot.test.autoconfigure.restdocs.RestDocsTestExecutionListener, org.springframework.boot.test.autoconfigure.web.client.MockRestServiceServerResetTestExecutionListener, org.springframework.boot.test.autoconfigure.web.servlet.MockMvcPrintOnlyOnFailureTestExecutionListener, org.springframework.boot.test.autoconfigure.web.servlet.WebDriverTestExecutionListener, org.springframework.boot.test.autoconfigure.webservices.client.MockWebServiceServerTestExecutionListener, org.springframework.test.context.web.ServletTestExecutionListener, org.springframework.test.context.support.DirtiesContextBeforeModesTestExecutionListener, org.springframework.test.context.support.DependencyInjectionTestExecutionListener, org.springframework.test.context.support.DirtiesContextTestExecutionListener, org.springframework.test.context.transaction.TransactionalTestExecutionListener, org.springframework.test.context.jdbc.SqlScriptsTestExecutionListener, org.springframework.test.context.event.EventPublishingTestExecutionListener]
2022-05-09 19:29:32,576 INFO org.springframework.test.context.support.AbstractTestContextBootstrapper [main] Using TestExecutionListeners: [org.springframework.test.context.web.ServletTestExecutionListener@1199fe66, org.springframework.test.context.support.DirtiesContextBeforeModesTestExecutionListener@614df0a4, org.springframework.boot.test.mock.mockito.MockitoTestExecutionListener@1fdf1c5, org.springframework.boot.test.autoconfigure.SpringBootDependencyInjectionTestExecutionListener@2d96543c, org.springframework.test.context.support.DirtiesContextTestExecutionListener@73a2e526, org.springframework.test.context.transaction.TransactionalTestExecutionListener@7d64e326, org.springframework.test.context.jdbc.SqlScriptsTestExecutionListener@13f95696, org.springframework.test.context.event.EventPublishingTestExecutionListener@cd1d761, org.springframework.boot.test.mock.mockito.ResetMocksTestExecutionListener@68be8808, org.springframework.boot.test.autoconfigure.restdocs.RestDocsTestExecutionListener@32193bea, org.springframework.boot.test.autoconfigure.web.client.MockRestServiceServerResetTestExecutionListener@6b8d96d9, org.springframework.boot.test.autoconfigure.web.servlet.MockMvcPrintOnlyOnFailureTestExecutionListener@69653e16, org.springframework.boot.test.autoconfigure.web.servlet.WebDriverTestExecutionListener@758705fa, org.springframework.boot.test.autoconfigure.webservices.client.MockWebServiceServerTestExecutionListener@ebaa6cb]
2022-05-09 19:29:32,854 INFO org.springframework.boot.StartupInfoLogger [main] Starting ShopmeBackEndApplicationTest using Java 17.0.2 on FSTAdmins-MacBook-Pro.local with PID 42165 (started by fst.user in /Users/fst.user/Documents/workspace-sts/shopme/ShopmeWebParent/ShopmeBackEnd)
2022-05-09 19:29:32,854 DEBUG org.springframework.boot.StartupInfoLogger [main] Running with Spring Boot v2.4.1, Spring v5.3.2
2022-05-09 19:29:32,855 INFO org.springframework.boot.SpringApplication [main] No active profile set, falling back to default profiles: default
2022-05-09 19:29:32,861 INFO org.hibernate.validator.internal.util.Version [background-preinit] HV000001: Hibernate Validator 6.1.6.Final
2022-05-09 19:29:33,304 INFO org.springframework.data.repository.config.RepositoryConfigurationDelegate [main] Bootstrapping Spring Data JPA repositories in DEFAULT mode.
2022-05-09 19:29:33,331 INFO org.springframework.data.repository.config.RepositoryConfigurationDelegate [main] Finished Spring Data repository scanning in 24 ms. Found 2 JPA repository interfaces.
2022-05-09 19:29:33,612 INFO com.zaxxer.hikari.HikariDataSource [main] HikariPool-1 - Starting...
2022-05-09 19:29:33,697 INFO com.zaxxer.hikari.HikariDataSource [main] HikariPool-1 - Start completed.
2022-05-09 19:29:33,722 INFO org.hibernate.jpa.internal.util.LogHelper [main] HHH000204: Processing PersistenceUnitInfo [name: default]
2022-05-09 19:29:33,758 INFO org.hibernate.Version [main] HHH000412: Hibernate ORM core version 5.4.25.Final
2022-05-09 19:29:33,817 INFO org.hibernate.annotations.common.reflection.java.JavaReflectionManager [main] HCANN000001: Hibernate Commons Annotations {5.1.2.Final}
2022-05-09 19:29:33,862 INFO org.hibernate.dialect.Dialect [main] HHH000400: Using dialect: org.hibernate.dialect.MySQL8Dialect
2022-05-09 19:29:34,122 INFO org.hibernate.engine.transaction.jta.platform.internal.JtaPlatformInitiator [main] HHH000490: Using JtaPlatform implementation: [org.hibernate.engine.transaction.jta.platform.internal.NoJtaPlatform]
2022-05-09 19:29:34,125 INFO org.springframework.orm.jpa.AbstractEntityManagerFactoryBean [main] Initialized JPA EntityManagerFactory for persistence unit 'default'
2022-05-09 19:29:34,426 WARN org.springframework.boot.autoconfigure.orm.jpa.JpaBaseConfiguration$JpaWebConfiguration [main] spring.jpa.open-in-view is enabled by default. Therefore, database queries may be performed during view rendering. Explicitly configure spring.jpa.open-in-view to disable this warning
2022-05-09 19:29:34,557 INFO org.springframework.security.web.DefaultSecurityFilterChain [main] Will secure any request with [org.springframework.security.web.context.request.async.WebAsyncManagerIntegrationFilter@13f7c165, org.springframework.security.web.context.SecurityContextPersistenceFilter@5e663ab, org.springframework.security.web.header.HeaderWriterFilter@626b9092, org.springframework.security.web.csrf.CsrfFilter@303db609, org.springframework.security.web.authentication.logout.LogoutFilter@7607340f, org.springframework.security.web.authentication.UsernamePasswordAuthenticationFilter@64f613da, org.springframework.security.web.savedrequest.RequestCacheAwareFilter@3b29d36c, org.springframework.security.web.servletapi.SecurityContextHolderAwareRequestFilter@1b82f62a, org.springframework.security.web.authentication.AnonymousAuthenticationFilter@655f92a1, org.springframework.security.web.session.SessionManagementFilter@4946dfde, org.springframework.security.web.access.ExceptionTranslationFilter@554e9509, org.springframework.security.web.access.intercept.FilterSecurityInterceptor@78b2d29e]
2022-05-09 19:29:34,747 INFO org.springframework.scheduling.concurrent.ExecutorConfigurationSupport [main] Initializing ExecutorService 'applicationTaskExecutor'
2022-05-09 19:29:34,807 INFO org.springframework.boot.autoconfigure.web.servlet.WelcomePageHandlerMapping [main] Adding welcome page template: index
2022-05-09 19:29:35,251 INFO org.springframework.boot.StartupInfoLogger [main] Started ShopmeBackEndApplicationTest in 2.656 seconds (JVM running for 3.184)
2022-05-09 19:29:35,367 INFO org.springframework.scheduling.concurrent.ExecutorConfigurationSupport [SpringContextShutdownHook] Shutting down ExecutorService 'applicationTaskExecutor'
2022-05-09 19:29:35,368 INFO org.springframework.orm.jpa.AbstractEntityManagerFactoryBean [SpringContextShutdownHook] Closing JPA EntityManagerFactory for persistence unit 'default'
2022-05-09 19:29:35,369 INFO com.zaxxer.hikari.HikariDataSource [SpringContextShutdownHook] HikariPool-1 - Shutdown initiated...
2022-05-09 19:29:35,373 INFO com.zaxxer.hikari.HikariDataSource [SpringContextShutdownHook] HikariPool-1 - Shutdown completed.
2022-05-09 19:34:11,436 INFO org.springframework.test.context.support.AbstractTestContextBootstrapper [main] Neither @ContextConfiguration nor @ContextHierarchy found for test class [com.shopme.admin.ShopmeBackEndApplicationTest], using SpringBootContextLoader
2022-05-09 19:34:11,439 INFO org.springframework.test.context.support.AbstractContextLoader [main] Could not detect default resource locations for test class [com.shopme.admin.ShopmeBackEndApplicationTest]: no resource found for suffixes {-context.xml, Context.groovy}.
2022-05-09 19:34:11,439 INFO org.springframework.test.context.support.AnnotationConfigContextLoaderUtils [main] Could not detect default configuration classes for test class [com.shopme.admin.ShopmeBackEndApplicationTest]: ShopmeBackEndApplicationTest does not declare any static, non-private, non-final, nested classes annotated with @Configuration.
2022-05-09 19:34:11,503 INFO org.springframework.boot.test.context.SpringBootTestContextBootstrapper [main] Found @SpringBootConfiguration com.shopme.admin.ShopmeBackEndApplication for test class com.shopme.admin.ShopmeBackEndApplicationTest
2022-05-09 19:34:11,546 INFO org.springframework.test.context.support.AbstractTestContextBootstrapper [main] Loaded default TestExecutionListener class names from location [META-INF/spring.factories]: [org.springframework.boot.test.mock.mockito.MockitoTestExecutionListener, org.springframework.boot.test.mock.mockito.ResetMocksTestExecutionListener, org.springframework.boot.test.autoconfigure.restdocs.RestDocsTestExecutionListener, org.springframework.boot.test.autoconfigure.web.client.MockRestServiceServerResetTestExecutionListener, org.springframework.boot.test.autoconfigure.web.servlet.MockMvcPrintOnlyOnFailureTestExecutionListener, org.springframework.boot.test.autoconfigure.web.servlet.WebDriverTestExecutionListener, org.springframework.boot.test.autoconfigure.webservices.client.MockWebServiceServerTestExecutionListener, org.springframework.test.context.web.ServletTestExecutionListener, org.springframework.test.context.support.DirtiesContextBeforeModesTestExecutionListener, org.springframework.test.context.support.DependencyInjectionTestExecutionListener, org.springframework.test.context.support.DirtiesContextTestExecutionListener, org.springframework.test.context.transaction.TransactionalTestExecutionListener, org.springframework.test.context.jdbc.SqlScriptsTestExecutionListener, org.springframework.test.context.event.EventPublishingTestExecutionListener]
2022-05-09 19:34:11,552 INFO org.springframework.test.context.support.AbstractTestContextBootstrapper [main] Using TestExecutionListeners: [org.springframework.test.context.web.ServletTestExecutionListener@2d96543c, org.springframework.test.context.support.DirtiesContextBeforeModesTestExecutionListener@73a2e526, org.springframework.boot.test.mock.mockito.MockitoTestExecutionListener@7d64e326, org.springframework.boot.test.autoconfigure.SpringBootDependencyInjectionTestExecutionListener@13f95696, org.springframework.test.context.support.DirtiesContextTestExecutionListener@cd1d761, org.springframework.test.context.transaction.TransactionalTestExecutionListener@68be8808, org.springframework.test.context.jdbc.SqlScriptsTestExecutionListener@32193bea, org.springframework.test.context.event.EventPublishingTestExecutionListener@6b8d96d9, org.springframework.boot.test.mock.mockito.ResetMocksTestExecutionListener@69653e16, org.springframework.boot.test.autoconfigure.restdocs.RestDocsTestExecutionListener@758705fa, org.springframework.boot.test.autoconfigure.web.client.MockRestServiceServerResetTestExecutionListener@ebaa6cb, org.springframework.boot.test.autoconfigure.web.servlet.MockMvcPrintOnlyOnFailureTestExecutionListener@906d29b, org.springframework.boot.test.autoconfigure.web.servlet.WebDriverTestExecutionListener@49d3c823, org.springframework.boot.test.autoconfigure.webservices.client.MockWebServiceServerTestExecutionListener@436bc36]
2022-05-09 19:34:11,901 INFO org.springframework.boot.StartupInfoLogger [main] Starting ShopmeBackEndApplicationTest using Java 17.0.2 on FSTAdmins-MacBook-Pro.local with PID 42233 (started by fst.user in /Users/fst.user/Documents/workspace-sts/shopme/ShopmeWebParent/ShopmeBackEnd)
2022-05-09 19:34:11,901 DEBUG org.springframework.boot.StartupInfoLogger [main] Running with Spring Boot v2.4.1, Spring v5.3.2
2022-05-09 19:34:11,902 INFO org.springframework.boot.SpringApplication [main] No active profile set, falling back to default profiles: default
2022-05-09 19:34:11,908 INFO org.hibernate.validator.internal.util.Version [background-preinit] HV000001: Hibernate Validator 6.1.6.Final
2022-05-09 19:34:12,223 INFO org.springframework.data.repository.config.RepositoryConfigurationDelegate [main] Bootstrapping Spring Data JPA repositories in DEFAULT mode.
2022-05-09 19:34:12,249 INFO org.springframework.data.repository.config.RepositoryConfigurationDelegate [main] Finished Spring Data repository scanning in 22 ms. Found 2 JPA repository interfaces.
2022-05-09 19:34:12,526 INFO com.zaxxer.hikari.HikariDataSource [main] HikariPool-1 - Starting...
2022-05-09 19:34:12,602 INFO com.zaxxer.hikari.HikariDataSource [main] HikariPool-1 - Start completed.
2022-05-09 19:34:12,634 INFO org.hibernate.jpa.internal.util.LogHelper [main] HHH000204: Processing PersistenceUnitInfo [name: default]
2022-05-09 19:34:12,665 INFO org.hibernate.Version [main] HHH000412: Hibernate ORM core version 5.4.25.Final
2022-05-09 19:34:12,725 INFO org.hibernate.annotations.common.reflection.java.JavaReflectionManager [main] HCANN000001: Hibernate Commons Annotations {5.1.2.Final}
2022-05-09 19:34:12,772 INFO org.hibernate.dialect.Dialect [main] HHH000400: Using dialect: org.hibernate.dialect.MySQL8Dialect
2022-05-09 19:34:13,027 INFO org.hibernate.engine.transaction.jta.platform.internal.JtaPlatformInitiator [main] HHH000490: Using JtaPlatform implementation: [org.hibernate.engine.transaction.jta.platform.internal.NoJtaPlatform]
2022-05-09 19:34:13,031 INFO org.springframework.orm.jpa.AbstractEntityManagerFactoryBean [main] Initialized JPA EntityManagerFactory for persistence unit 'default'
2022-05-09 19:34:13,320 WARN org.springframework.boot.autoconfigure.orm.jpa.JpaBaseConfiguration$JpaWebConfiguration [main] spring.jpa.open-in-view is enabled by default. Therefore, database queries may be performed during view rendering. Explicitly configure spring.jpa.open-in-view to disable this warning
2022-05-09 19:34:13,435 INFO org.springframework.security.web.DefaultSecurityFilterChain [main] Will secure any request with [org.springframework.security.web.context.request.async.WebAsyncManagerIntegrationFilter@56b48163, org.springframework.security.web.context.SecurityContextPersistenceFilter@2d114d27, org.springframework.security.web.header.HeaderWriterFilter@737445ab, org.springframework.security.web.csrf.CsrfFilter@153d14e3, org.springframework.security.web.authentication.logout.LogoutFilter@74bcf1ab, org.springframework.security.web.authentication.UsernamePasswordAuthenticationFilter@7fdabb3b, org.springframework.security.web.savedrequest.RequestCacheAwareFilter@29d29657, org.springframework.security.web.servletapi.SecurityContextHolderAwareRequestFilter@2acbe46d, org.springframework.security.web.authentication.AnonymousAuthenticationFilter@eb6ccbc, org.springframework.security.web.session.SessionManagementFilter@7dbd70fd, org.springframework.security.web.access.ExceptionTranslationFilter@11939a9f, org.springframework.security.web.access.intercept.FilterSecurityInterceptor@289cf7db]
2022-05-09 19:34:13,602 INFO org.springframework.scheduling.concurrent.ExecutorConfigurationSupport [main] Initializing ExecutorService 'applicationTaskExecutor'
2022-05-09 19:34:13,647 INFO org.springframework.boot.autoconfigure.web.servlet.WelcomePageHandlerMapping [main] Adding welcome page template: index
2022-05-09 19:34:14,081 INFO org.springframework.boot.StartupInfoLogger [main] Started ShopmeBackEndApplicationTest in 2.511 seconds (JVM running for 3.019)
2022-05-09 19:34:14,220 INFO org.springframework.scheduling.concurrent.ExecutorConfigurationSupport [SpringContextShutdownHook] Shutting down ExecutorService 'applicationTaskExecutor'
2022-05-09 19:34:14,221 INFO org.springframework.orm.jpa.AbstractEntityManagerFactoryBean [SpringContextShutdownHook] Closing JPA EntityManagerFactory for persistence unit 'default'
2022-05-09 19:34:14,222 INFO com.zaxxer.hikari.HikariDataSource [SpringContextShutdownHook] HikariPool-1 - Shutdown initiated...
2022-05-09 19:34:14,227 INFO com.zaxxer.hikari.HikariDataSource [SpringContextShutdownHook] HikariPool-1 - Shutdown completed.
