2022-05-16 17:16:57,588 INFO org.hibernate.validator.internal.util.Version [background-preinit] HV000001: Hibernate Validator 6.1.6.Final
2022-05-16 17:16:57,594 INFO org.springframework.boot.StartupInfoLogger [restartedMain] Starting ShopmeBackEndApplication using Java 1.8.0_202 on DESKTOP-QM5CFFO with PID 9244 (D:\daryll\shopme\ShopmeWebParent\ShopmeBackEnd\target\classes started by daryllpc in D:\daryll\shopme)
2022-05-16 17:16:57,595 DEBUG org.springframework.boot.StartupInfoLogger [restartedMain] Running with Spring Boot v2.4.1, Spring v5.3.2
2022-05-16 17:16:57,595 INFO org.springframework.boot.SpringApplication [restartedMain] No active profile set, falling back to default profiles: default
2022-05-16 17:16:57,653 INFO org.springframework.boot.logging.DeferredLog [restartedMain] The Class-Path manifest attribute in C:\Users\daryllpc\.m2\repository\com\mchange\c3p0\0.9.5.5\c3p0-0.9.5.5.jar referenced one or more files that do not exist: file:/C:/Users/daryllpc/.m2/repository/com/mchange/c3p0/0.9.5.5/mchange-commons-java-0.2.19.jar
2022-05-16 17:16:57,653 INFO org.springframework.boot.logging.DeferredLog [restartedMain] Devtools property defaults active! Set 'spring.devtools.add-properties' to 'false' to disable
2022-05-16 17:16:57,653 INFO org.springframework.boot.logging.DeferredLog [restartedMain] For additional web related logging consider setting the 'logging.level.web' property to 'DEBUG'
2022-05-16 17:16:58,426 INFO org.springframework.data.repository.config.RepositoryConfigurationDelegate [restartedMain] Bootstrapping Spring Data JPA repositories in DEFAULT mode.
2022-05-16 17:16:58,481 INFO org.springframework.data.repository.config.RepositoryConfigurationDelegate [restartedMain] Finished Spring Data repository scanning in 49 ms. Found 2 JPA repository interfaces.
2022-05-16 17:16:59,628 INFO org.springframework.boot.web.embedded.tomcat.TomcatWebServer [restartedMain] Tomcat initialized with port(s): 8080 (http)
2022-05-16 17:16:59,637 INFO org.apache.juli.logging.DirectJDKLog [restartedMain] Initializing ProtocolHandler ["http-nio-8080"]
2022-05-16 17:16:59,637 INFO org.apache.juli.logging.DirectJDKLog [restartedMain] Starting service [Tomcat]
2022-05-16 17:16:59,638 INFO org.apache.juli.logging.DirectJDKLog [restartedMain] Starting Servlet engine: [Apache Tomcat/9.0.41]
2022-05-16 17:16:59,707 INFO org.apache.juli.logging.DirectJDKLog [restartedMain] Initializing Spring embedded WebApplicationContext
2022-05-16 17:16:59,707 INFO org.springframework.boot.web.servlet.context.ServletWebServerApplicationContext [restartedMain] Root WebApplicationContext: initialization completed in 2054 ms
2022-05-16 17:16:59,921 INFO com.zaxxer.hikari.HikariDataSource [restartedMain] HikariPool-1 - Starting...
2022-05-16 17:17:00,328 INFO com.zaxxer.hikari.HikariDataSource [restartedMain] HikariPool-1 - Start completed.
2022-05-16 17:17:00,369 INFO org.hibernate.jpa.internal.util.LogHelper [restartedMain] HHH000204: Processing PersistenceUnitInfo [name: default]
2022-05-16 17:17:00,403 INFO org.hibernate.Version [restartedMain] HHH000412: Hibernate ORM core version 5.4.25.Final
2022-05-16 17:17:00,496 INFO org.hibernate.annotations.common.reflection.java.JavaReflectionManager [restartedMain] HCANN000001: Hibernate Commons Annotations {5.1.2.Final}
2022-05-16 17:17:00,623 INFO org.hibernate.dialect.Dialect [restartedMain] HHH000400: Using dialect: org.hibernate.dialect.MySQL8Dialect
2022-05-16 17:17:01,138 INFO org.hibernate.engine.transaction.jta.platform.internal.JtaPlatformInitiator [restartedMain] HHH000490: Using JtaPlatform implementation: [org.hibernate.engine.transaction.jta.platform.internal.NoJtaPlatform]
2022-05-16 17:17:01,144 INFO org.springframework.orm.jpa.AbstractEntityManagerFactoryBean [restartedMain] Initialized JPA EntityManagerFactory for persistence unit 'default'
2022-05-16 17:17:01,828 WARN org.springframework.boot.autoconfigure.orm.jpa.JpaBaseConfiguration$JpaWebConfiguration [restartedMain] spring.jpa.open-in-view is enabled by default. Therefore, database queries may be performed during view rendering. Explicitly configure spring.jpa.open-in-view to disable this warning
2022-05-16 17:17:02,006 INFO org.springframework.security.web.DefaultSecurityFilterChain [restartedMain] Will secure any request with [org.springframework.security.web.context.request.async.WebAsyncManagerIntegrationFilter@1bc6713f, org.springframework.security.web.context.SecurityContextPersistenceFilter@44fae0b0, org.springframework.security.web.header.HeaderWriterFilter@75011892, org.springframework.security.web.csrf.CsrfFilter@15ec0317, org.springframework.security.web.authentication.logout.LogoutFilter@1cfa63e8, org.springframework.security.web.authentication.UsernamePasswordAuthenticationFilter@1572aedc, org.springframework.security.web.savedrequest.RequestCacheAwareFilter@14dab55d, org.springframework.security.web.servletapi.SecurityContextHolderAwareRequestFilter@7174dcb8, org.springframework.security.web.authentication.AnonymousAuthenticationFilter@11b776f1, org.springframework.security.web.session.SessionManagementFilter@27727d2c, org.springframework.security.web.access.ExceptionTranslationFilter@2ce147f8, org.springframework.security.web.access.intercept.FilterSecurityInterceptor@54a0c4a8]
2022-05-16 17:17:02,167 INFO org.springframework.scheduling.concurrent.ExecutorConfigurationSupport [restartedMain] Initializing ExecutorService 'applicationTaskExecutor'
2022-05-16 17:17:02,266 INFO org.springframework.boot.autoconfigure.web.servlet.WelcomePageHandlerMapping [restartedMain] Adding welcome page template: index
2022-05-16 17:17:02,805 INFO org.springframework.boot.devtools.autoconfigure.OptionalLiveReloadServer [restartedMain] LiveReload server is running on port 35729
2022-05-16 17:17:02,818 INFO org.apache.juli.logging.DirectJDKLog [restartedMain] Starting ProtocolHandler ["http-nio-8080"]
2022-05-16 17:17:02,837 INFO org.springframework.boot.web.embedded.tomcat.TomcatWebServer [restartedMain] Tomcat started on port(s): 8080 (http) with context path '/ShopmeAdmin'
2022-05-16 17:17:02,848 INFO org.springframework.boot.StartupInfoLogger [restartedMain] Started ShopmeBackEndApplication in 5.753 seconds (JVM running for 6.895)
2022-05-16 17:17:09,524 INFO org.apache.juli.logging.DirectJDKLog [http-nio-8080-exec-2] Initializing Spring DispatcherServlet 'dispatcherServlet'
2022-05-16 17:17:09,524 INFO org.springframework.web.servlet.FrameworkServlet [http-nio-8080-exec-2] Initializing Servlet 'dispatcherServlet'
2022-05-16 17:17:09,525 INFO org.springframework.web.servlet.FrameworkServlet [http-nio-8080-exec-2] Completed initialization in 1 ms
2022-05-16 17:19:01,737 INFO com.shopme.admin.utils.Log [http-nio-8080-exec-4] kikomatos@gmail.com has logged in
2022-05-16 17:19:26,512 INFO com.shopme.admin.utils.Log [http-nio-8080-exec-8] kikomatos@gmail.com has logged out
2022-05-16 17:19:55,561 INFO com.shopme.admin.utils.Log [http-nio-8080-exec-7] barrackobama@gmail.com has logged in
2022-05-16 17:20:06,706 INFO com.shopme.admin.utils.Log [http-nio-8080-exec-2] barrackobama@gmail.com has logged in
2022-05-16 17:20:45,564 INFO com.shopme.admin.utils.Log [http-nio-8080-exec-7] barrackobama@gmail.com has logged out
2022-05-16 17:20:50,064 INFO com.shopme.admin.utils.Log [http-nio-8080-exec-2] superuser@gmail.com has logged in
2022-05-16 17:26:30,511 INFO org.springframework.scheduling.concurrent.ExecutorConfigurationSupport [Thread-6] Shutting down ExecutorService 'applicationTaskExecutor'
2022-05-16 17:26:30,513 INFO org.springframework.orm.jpa.AbstractEntityManagerFactoryBean [Thread-6] Closing JPA EntityManagerFactory for persistence unit 'default'
2022-05-16 17:26:30,516 INFO com.zaxxer.hikari.HikariDataSource [Thread-6] HikariPool-1 - Shutdown initiated...
2022-05-16 17:26:30,529 INFO com.zaxxer.hikari.HikariDataSource [Thread-6] HikariPool-1 - Shutdown completed.
2022-05-16 17:26:30,707 INFO org.springframework.boot.StartupInfoLogger [restartedMain] Starting ShopmeBackEndApplication using Java 1.8.0_202 on DESKTOP-QM5CFFO with PID 9244 (D:\daryll\shopme\ShopmeWebParent\ShopmeBackEnd\target\classes started by daryllpc in D:\daryll\shopme)
2022-05-16 17:26:30,707 DEBUG org.springframework.boot.StartupInfoLogger [restartedMain] Running with Spring Boot v2.4.1, Spring v5.3.2
2022-05-16 17:26:30,708 INFO org.springframework.boot.SpringApplication [restartedMain] No active profile set, falling back to default profiles: default
2022-05-16 17:26:30,950 INFO org.springframework.data.repository.config.RepositoryConfigurationDelegate [restartedMain] Bootstrapping Spring Data JPA repositories in DEFAULT mode.
2022-05-16 17:26:30,965 INFO org.springframework.data.repository.config.RepositoryConfigurationDelegate [restartedMain] Finished Spring Data repository scanning in 14 ms. Found 2 JPA repository interfaces.
2022-05-16 17:26:31,101 INFO org.springframework.boot.web.embedded.tomcat.TomcatWebServer [restartedMain] Tomcat initialized with port(s): 8080 (http)
2022-05-16 17:26:31,102 INFO org.apache.juli.logging.DirectJDKLog [restartedMain] Initializing ProtocolHandler ["http-nio-8080"]
2022-05-16 17:26:31,102 INFO org.apache.juli.logging.DirectJDKLog [restartedMain] Starting service [Tomcat]
2022-05-16 17:26:31,102 INFO org.apache.juli.logging.DirectJDKLog [restartedMain] Starting Servlet engine: [Apache Tomcat/9.0.41]
2022-05-16 17:26:31,115 INFO org.apache.juli.logging.DirectJDKLog [restartedMain] Initializing Spring embedded WebApplicationContext
2022-05-16 17:26:31,115 INFO org.springframework.boot.web.servlet.context.ServletWebServerApplicationContext [restartedMain] Root WebApplicationContext: initialization completed in 406 ms
2022-05-16 17:26:31,151 INFO com.zaxxer.hikari.HikariDataSource [restartedMain] HikariPool-2 - Starting...
2022-05-16 17:26:31,154 INFO com.zaxxer.hikari.HikariDataSource [restartedMain] HikariPool-2 - Start completed.
2022-05-16 17:26:31,157 INFO org.hibernate.jpa.internal.util.LogHelper [restartedMain] HHH000204: Processing PersistenceUnitInfo [name: default]
2022-05-16 17:26:31,160 INFO org.hibernate.dialect.Dialect [restartedMain] HHH000400: Using dialect: org.hibernate.dialect.MySQL8Dialect
2022-05-16 17:26:31,198 INFO org.hibernate.engine.transaction.jta.platform.internal.JtaPlatformInitiator [restartedMain] HHH000490: Using JtaPlatform implementation: [org.hibernate.engine.transaction.jta.platform.internal.NoJtaPlatform]
2022-05-16 17:26:31,199 INFO org.springframework.orm.jpa.AbstractEntityManagerFactoryBean [restartedMain] Initialized JPA EntityManagerFactory for persistence unit 'default'
2022-05-16 17:26:31,324 WARN org.springframework.boot.autoconfigure.orm.jpa.JpaBaseConfiguration$JpaWebConfiguration [restartedMain] spring.jpa.open-in-view is enabled by default. Therefore, database queries may be performed during view rendering. Explicitly configure spring.jpa.open-in-view to disable this warning
2022-05-16 17:26:31,363 INFO org.springframework.security.web.DefaultSecurityFilterChain [restartedMain] Will secure any request with [org.springframework.security.web.context.request.async.WebAsyncManagerIntegrationFilter@5bfe59d9, org.springframework.security.web.context.SecurityContextPersistenceFilter@27cae603, org.springframework.security.web.header.HeaderWriterFilter@a929fd, org.springframework.security.web.csrf.CsrfFilter@6a0aabd5, org.springframework.security.web.authentication.logout.LogoutFilter@7746e359, org.springframework.security.web.authentication.UsernamePasswordAuthenticationFilter@48aec8cb, org.springframework.security.web.savedrequest.RequestCacheAwareFilter@5b4154af, org.springframework.security.web.servletapi.SecurityContextHolderAwareRequestFilter@12ee68fb, org.springframework.security.web.authentication.AnonymousAuthenticationFilter@793fb4f, org.springframework.security.web.session.SessionManagementFilter@1821b2d1, org.springframework.security.web.access.ExceptionTranslationFilter@77f7104, org.springframework.security.web.access.intercept.FilterSecurityInterceptor@748c1bd3]
2022-05-16 17:26:31,417 INFO org.springframework.scheduling.concurrent.ExecutorConfigurationSupport [restartedMain] Initializing ExecutorService 'applicationTaskExecutor'
2022-05-16 17:26:31,433 INFO org.springframework.boot.autoconfigure.web.servlet.WelcomePageHandlerMapping [restartedMain] Adding welcome page template: index
2022-05-16 17:26:31,686 INFO org.springframework.boot.devtools.autoconfigure.OptionalLiveReloadServer [restartedMain] LiveReload server is running on port 35729
2022-05-16 17:26:31,691 INFO org.apache.juli.logging.DirectJDKLog [restartedMain] Starting ProtocolHandler ["http-nio-8080"]
2022-05-16 17:26:31,694 INFO org.springframework.boot.web.embedded.tomcat.TomcatWebServer [restartedMain] Tomcat started on port(s): 8080 (http) with context path '/ShopmeAdmin'
2022-05-16 17:26:31,699 INFO org.springframework.boot.StartupInfoLogger [restartedMain] Started ShopmeBackEndApplication in 1.021 seconds (JVM running for 575.746)
2022-05-16 17:26:31,701 INFO org.springframework.boot.devtools.autoconfigure.ConditionEvaluationDeltaLoggingListener [restartedMain] Condition evaluation unchanged
2022-05-16 17:26:33,255 INFO org.springframework.scheduling.concurrent.ExecutorConfigurationSupport [Thread-9] Shutting down ExecutorService 'applicationTaskExecutor'
2022-05-16 17:26:33,256 INFO org.springframework.orm.jpa.AbstractEntityManagerFactoryBean [Thread-9] Closing JPA EntityManagerFactory for persistence unit 'default'
2022-05-16 17:26:33,257 INFO com.zaxxer.hikari.HikariDataSource [Thread-9] HikariPool-2 - Shutdown initiated...
2022-05-16 17:26:33,260 INFO com.zaxxer.hikari.HikariDataSource [Thread-9] HikariPool-2 - Shutdown completed.
2022-05-16 17:26:33,415 INFO org.springframework.boot.StartupInfoLogger [restartedMain] Starting ShopmeBackEndApplication using Java 1.8.0_202 on DESKTOP-QM5CFFO with PID 9244 (D:\daryll\shopme\ShopmeWebParent\ShopmeBackEnd\target\classes started by daryllpc in D:\daryll\shopme)
2022-05-16 17:26:33,415 DEBUG org.springframework.boot.StartupInfoLogger [restartedMain] Running with Spring Boot v2.4.1, Spring v5.3.2
2022-05-16 17:26:33,415 INFO org.springframework.boot.SpringApplication [restartedMain] No active profile set, falling back to default profiles: default
2022-05-16 17:26:33,514 INFO org.springframework.data.repository.config.RepositoryConfigurationDelegate [restartedMain] Bootstrapping Spring Data JPA repositories in DEFAULT mode.
2022-05-16 17:26:33,522 INFO org.springframework.data.repository.config.RepositoryConfigurationDelegate [restartedMain] Finished Spring Data repository scanning in 7 ms. Found 2 JPA repository interfaces.
2022-05-16 17:26:33,583 INFO org.springframework.boot.web.embedded.tomcat.TomcatWebServer [restartedMain] Tomcat initialized with port(s): 8080 (http)
2022-05-16 17:26:33,584 INFO org.apache.juli.logging.DirectJDKLog [restartedMain] Initializing ProtocolHandler ["http-nio-8080"]
2022-05-16 17:26:33,584 INFO org.apache.juli.logging.DirectJDKLog [restartedMain] Starting service [Tomcat]
2022-05-16 17:26:33,584 INFO org.apache.juli.logging.DirectJDKLog [restartedMain] Starting Servlet engine: [Apache Tomcat/9.0.41]
2022-05-16 17:26:33,595 INFO org.apache.juli.logging.DirectJDKLog [restartedMain] Initializing Spring embedded WebApplicationContext
2022-05-16 17:26:33,595 INFO org.springframework.boot.web.servlet.context.ServletWebServerApplicationContext [restartedMain] Root WebApplicationContext: initialization completed in 178 ms
2022-05-16 17:26:33,622 INFO com.zaxxer.hikari.HikariDataSource [restartedMain] HikariPool-3 - Starting...
2022-05-16 17:26:33,625 INFO com.zaxxer.hikari.HikariDataSource [restartedMain] HikariPool-3 - Start completed.
2022-05-16 17:26:33,628 INFO org.hibernate.jpa.internal.util.LogHelper [restartedMain] HHH000204: Processing PersistenceUnitInfo [name: default]
2022-05-16 17:26:33,632 INFO org.hibernate.dialect.Dialect [restartedMain] HHH000400: Using dialect: org.hibernate.dialect.MySQL8Dialect
2022-05-16 17:26:33,666 INFO org.hibernate.engine.transaction.jta.platform.internal.JtaPlatformInitiator [restartedMain] HHH000490: Using JtaPlatform implementation: [org.hibernate.engine.transaction.jta.platform.internal.NoJtaPlatform]
2022-05-16 17:26:33,666 INFO org.springframework.orm.jpa.AbstractEntityManagerFactoryBean [restartedMain] Initialized JPA EntityManagerFactory for persistence unit 'default'
2022-05-16 17:26:33,762 WARN org.springframework.boot.autoconfigure.orm.jpa.JpaBaseConfiguration$JpaWebConfiguration [restartedMain] spring.jpa.open-in-view is enabled by default. Therefore, database queries may be performed during view rendering. Explicitly configure spring.jpa.open-in-view to disable this warning
2022-05-16 17:26:33,799 INFO org.springframework.security.web.DefaultSecurityFilterChain [restartedMain] Will secure any request with [org.springframework.security.web.context.request.async.WebAsyncManagerIntegrationFilter@8276710, org.springframework.security.web.context.SecurityContextPersistenceFilter@2f105abd, org.springframework.security.web.header.HeaderWriterFilter@1acf77ad, org.springframework.security.web.csrf.CsrfFilter@5f59fcdd, org.springframework.security.web.authentication.logout.LogoutFilter@c0e0c9f, org.springframework.security.web.authentication.UsernamePasswordAuthenticationFilter@43835a6e, org.springframework.security.web.savedrequest.RequestCacheAwareFilter@be7b51, org.springframework.security.web.servletapi.SecurityContextHolderAwareRequestFilter@612d06f4, org.springframework.security.web.authentication.AnonymousAuthenticationFilter@484cfcad, org.springframework.security.web.session.SessionManagementFilter@3fbfe683, org.springframework.security.web.access.ExceptionTranslationFilter@4cec6dbb, org.springframework.security.web.access.intercept.FilterSecurityInterceptor@143c23e9]
2022-05-16 17:26:33,845 INFO org.springframework.scheduling.concurrent.ExecutorConfigurationSupport [restartedMain] Initializing ExecutorService 'applicationTaskExecutor'
2022-05-16 17:26:33,858 INFO org.springframework.boot.autoconfigure.web.servlet.WelcomePageHandlerMapping [restartedMain] Adding welcome page template: index
2022-05-16 17:26:33,989 INFO org.springframework.boot.devtools.autoconfigure.OptionalLiveReloadServer [restartedMain] LiveReload server is running on port 35729
2022-05-16 17:26:33,992 INFO org.apache.juli.logging.DirectJDKLog [restartedMain] Starting ProtocolHandler ["http-nio-8080"]
2022-05-16 17:26:33,994 INFO org.springframework.boot.web.embedded.tomcat.TomcatWebServer [restartedMain] Tomcat started on port(s): 8080 (http) with context path '/ShopmeAdmin'
2022-05-16 17:26:33,997 INFO org.springframework.boot.StartupInfoLogger [restartedMain] Started ShopmeBackEndApplication in 0.601 seconds (JVM running for 578.045)
2022-05-16 17:26:33,998 INFO org.springframework.boot.devtools.autoconfigure.ConditionEvaluationDeltaLoggingListener [restartedMain] Condition evaluation unchanged
2022-05-16 17:26:41,672 INFO org.apache.juli.logging.DirectJDKLog [http-nio-8080-exec-1] Initializing Spring DispatcherServlet 'dispatcherServlet'
2022-05-16 17:26:41,672 INFO org.springframework.web.servlet.FrameworkServlet [http-nio-8080-exec-1] Initializing Servlet 'dispatcherServlet'
2022-05-16 17:26:41,673 INFO org.springframework.web.servlet.FrameworkServlet [http-nio-8080-exec-1] Completed initialization in 1 ms
2022-05-16 17:27:12,760 ERROR com.shopme.admin.utils.Log [http-nio-8080-exec-10] org.springframework.orm.jpa.JpaSystemException: Error accessing field [private int com.shopme.admin.entity.Role.id] by reflection for persistent property [com.shopme.admin.entity.Role#id] : 1; nested exception is org.hibernate.property.access.spi.PropertyAccessException: Error accessing field [private int com.shopme.admin.entity.Role.id] by reflection for persistent property [com.shopme.admin.entity.Role#id] : 1
2022-05-16 17:27:12,792 WARN org.springframework.web.servlet.handler.AbstractHandlerExceptionResolver [http-nio-8080-exec-10] Resolved [org.springframework.orm.jpa.JpaSystemException: Error accessing field [private int com.shopme.admin.entity.Role.id] by reflection for persistent property [com.shopme.admin.entity.Role#id] : 1; nested exception is org.hibernate.property.access.spi.PropertyAccessException: Error accessing field [private int com.shopme.admin.entity.Role.id] by reflection for persistent property [com.shopme.admin.entity.Role#id] : 1]
2022-05-16 17:29:00,136 ERROR com.shopme.admin.utils.Log [http-nio-8080-exec-3] org.springframework.orm.jpa.JpaSystemException: Error accessing field [private int com.shopme.admin.entity.Role.id] by reflection for persistent property [com.shopme.admin.entity.Role#id] : 1; nested exception is org.hibernate.property.access.spi.PropertyAccessException: Error accessing field [private int com.shopme.admin.entity.Role.id] by reflection for persistent property [com.shopme.admin.entity.Role#id] : 1
2022-05-16 17:29:00,138 WARN org.springframework.web.servlet.handler.AbstractHandlerExceptionResolver [http-nio-8080-exec-3] Resolved [org.springframework.orm.jpa.JpaSystemException: Error accessing field [private int com.shopme.admin.entity.Role.id] by reflection for persistent property [com.shopme.admin.entity.Role#id] : 1; nested exception is org.hibernate.property.access.spi.PropertyAccessException: Error accessing field [private int com.shopme.admin.entity.Role.id] by reflection for persistent property [com.shopme.admin.entity.Role#id] : 1]
